# JRE version: Java(TM) SE Runtime Environment (8.0_261-b12) (build 1.8.0_261-b12)
# Java VM: Java HotSpot(TM) 64-Bit Server VM (25.261-b12 mixed mode windows-amd64 compressed oops)
Heap:
 PSYoungGen      total 319488K, used 96954K [0x00000000eb200000, 0x00000000fff80000, 0x0000000100000000)
  eden space 298496K, 27% used [0x00000000eb200000,0x00000000f01caa38,0x00000000fd580000)
  from space 20992K, 72% used [0x00000000feb00000,0x00000000ff9e3e80,0x00000000fff80000)
  to   space 21504K, 42% used [0x00000000fd580000,0x00000000fde61d48,0x00000000fea80000)
 ParOldGen       total 76288K, used 49316K [0x00000000c1600000, 0x00000000c6080000, 0x00000000eb200000)
  object space 76288K, 64% used [0x00000000c1600000,0x00000000c4629288,0x00000000c6080000)
 Metaspace       used 90360K, capacity 94980K, committed 95256K, reserved 1132544K
  class space    used 10669K, capacity 11525K, committed 11560K, reserved 1048576K
GC Heap History (10 events):
Event: 647.976 GC heap after
Heap after GC invocations=41 (full 8):
 PSYoungGen      total 309760K, used 0K [0x00000000eb200000, 0x00000000ffe00000, 0x0000000100000000)
  eden space 295936K, 0% used [0x00000000eb200000,0x00000000eb200000,0x00000000fd300000)
  from space 13824K, 0% used [0x00000000fd300000,0x00000000fd300000,0x00000000fe080000)
  to   space 22016K, 0% used [0x00000000fe880000,0x00000000fe880000,0x00000000ffe00000)
 ParOldGen       total 76288K, used 43774K [0x00000000c1600000, 0x00000000c6080000, 0x00000000eb200000)
  object space 76288K, 57% used [0x00000000c1600000,0x00000000c40bfa78,0x00000000c6080000)
 Metaspace       used 85428K, capacity 89670K, committed 90008K, reserved 1128448K
  class space    used 10359K, capacity 11110K, committed 11176K, reserved 1048576K
}
Event: 651.000 GC heap before
{Heap before GC invocations=42 (full 8):
 PSYoungGen      total 309760K, used 295936K [0x00000000eb200000, 0x00000000ffe00000, 0x0000000100000000)
  eden space 295936K, 100% used [0x00000000eb200000,0x00000000fd300000,0x00000000fd300000)
  from space 13824K, 0% used [0x00000000fd300000,0x00000000fd300000,0x00000000fe080000)
  to   space 22016K, 0% used [0x00000000fe880000,0x00000000fe880000,0x00000000ffe00000)
 ParOldGen       total 76288K, used 43774K [0x00000000c1600000, 0x00000000c6080000, 0x00000000eb200000)
  object space 76288K, 57% used [0x00000000c1600000,0x00000000c40bfa78,0x00000000c6080000)
 Metaspace       used 87423K, capacity 91814K, committed 91928K, reserved 1130496K
  class space    used 10493K, capacity 11276K, committed 11304K, reserved 1048576K
Event: 651.021 GC heap after
Heap after GC invocations=42 (full 8):
 PSYoungGen      total 317952K, used 14494K [0x00000000eb200000, 0x0000000100000000, 0x0000000100000000)
  eden space 295936K, 0% used [0x00000000eb200000,0x00000000eb200000,0x00000000fd300000)
  from space 22016K, 65% used [0x00000000fe880000,0x00000000ff6a7a90,0x00000000ffe00000)
  to   space 22016K, 0% used [0x00000000fd300000,0x00000000fd300000,0x00000000fe880000)
 ParOldGen       total 76288K, used 43782K [0x00000000c1600000, 0x00000000c6080000, 0x00000000eb200000)
  object space 76288K, 57% used [0x00000000c1600000,0x00000000c40c1a78,0x00000000c6080000)
 Metaspace       used 87423K, capacity 91814K, committed 91928K, reserved 1130496K
  class space    used 10493K, capacity 11276K, committed 11304K, reserved 1048576K
}
Event: 675.016 GC heap before
{Heap before GC invocations=43 (full 8):
 PSYoungGen      total 317952K, used 194776K [0x00000000eb200000, 0x0000000100000000, 0x0000000100000000)
  eden space 295936K, 60% used [0x00000000eb200000,0x00000000f620e580,0x00000000fd300000)
  from space 22016K, 65% used [0x00000000fe880000,0x00000000ff6a7a90,0x00000000ffe00000)
  to   space 22016K, 0% used [0x00000000fd300000,0x00000000fd300000,0x00000000fe880000)
 ParOldGen       total 76288K, used 43782K [0x00000000c1600000, 0x00000000c6080000, 0x00000000eb200000)
  object space 76288K, 57% used [0x00000000c1600000,0x00000000c40c1a78,0x00000000c6080000)
 Metaspace       used 87843K, capacity 92196K, committed 92568K, reserved 1130496K
  class space    used 10517K, capacity 11314K, committed 11432K, reserved 1048576K
Event: 675.027 GC heap after
Heap after GC invocations=43 (full 8):
 PSYoungGen      total 317952K, used 9271K [0x00000000eb200000, 0x0000000100000000, 0x0000000100000000)
  eden space 295936K, 0% used [0x00000000eb200000,0x00000000eb200000,0x00000000fd300000)
  from space 22016K, 42% used [0x00000000fd300000,0x00000000fdc0dd38,0x00000000fe880000)
  to   space 21504K, 0% used [0x00000000feb00000,0x00000000feb00000,0x0000000100000000)
 ParOldGen       total 76288K, used 43790K [0x00000000c1600000, 0x00000000c6080000, 0x00000000eb200000)
  object space 76288K, 57% used [0x00000000c1600000,0x00000000c40c3a78,0x00000000c6080000)
 Metaspace       used 87843K, capacity 92196K, committed 92568K, reserved 1130496K
  class space    used 10517K, capacity 11314K, committed 11432K, reserved 1048576K
}
Event: 675.027 GC heap before
{Heap before GC invocations=44 (full 9):
 PSYoungGen      total 317952K, used 9271K [0x00000000eb200000, 0x0000000100000000, 0x0000000100000000)
  eden space 295936K, 0% used [0x00000000eb200000,0x00000000eb200000,0x00000000fd300000)
  from space 22016K, 42% used [0x00000000fd300000,0x00000000fdc0dd38,0x00000000fe880000)
  to   space 21504K, 0% used [0x00000000feb00000,0x00000000feb00000,0x0000000100000000)
 ParOldGen       total 76288K, used 43790K [0x00000000c1600000, 0x00000000c6080000, 0x00000000eb200000)
  object space 76288K, 57% used [0x00000000c1600000,0x00000000c40c3a78,0x00000000c6080000)
 Metaspace       used 87843K, capacity 92196K, committed 92568K, reserved 1130496K
  class space    used 10517K, capacity 11314K, committed 11432K, reserved 1048576K
Event: 675.387 GC heap after
Heap after GC invocations=44 (full 9):
 PSYoungGen      total 317952K, used 0K [0x00000000eb200000, 0x0000000100000000, 0x0000000100000000)
  eden space 295936K, 0% used [0x00000000eb200000,0x00000000eb200000,0x00000000fd300000)
  from space 22016K, 0% used [0x00000000fd300000,0x00000000fd300000,0x00000000fe880000)
  to   space 21504K, 0% used [0x00000000feb00000,0x00000000feb00000,0x0000000100000000)
 ParOldGen       total 76288K, used 49300K [0x00000000c1600000, 0x00000000c6080000, 0x00000000eb200000)
  object space 76288K, 64% used [0x00000000c1600000,0x00000000c4625288,0x00000000c6080000)
 Metaspace       used 87816K, capacity 92154K, committed 92568K, reserved 1130496K
  class space    used 10513K, capacity 11307K, committed 11432K, reserved 1048576K
}
Event: 680.461 GC heap before
{Heap before GC invocations=45 (full 9):
 PSYoungGen      total 317952K, used 295936K [0x00000000eb200000, 0x0000000100000000, 0x0000000100000000)
  eden space 295936K, 100% used [0x00000000eb200000,0x00000000fd300000,0x00000000fd300000)
  from space 22016K, 0% used [0x00000000fd300000,0x00000000fd300000,0x00000000fe880000)
  to   space 21504K, 0% used [0x00000000feb00000,0x00000000feb00000,0x0000000100000000)
 ParOldGen       total 76288K, used 49300K [0x00000000c1600000, 0x00000000c6080000, 0x00000000eb200000)
  object space 76288K, 64% used [0x00000000c1600000,0x00000000c4625288,0x00000000c6080000)
 Metaspace       used 89880K, capacity 94488K, committed 94744K, reserved 1132544K
  class space    used 10645K, capacity 11490K, committed 11560K, reserved 1048576K
Event: 680.489 GC heap after
Heap after GC invocations=45 (full 9):
 PSYoungGen      total 319488K, used 15247K [0x00000000eb200000, 0x00000000fff80000, 0x0000000100000000)
  eden space 298496K, 0% used [0x00000000eb200000,0x00000000eb200000,0x00000000fd580000)
  from space 20992K, 72% used [0x00000000feb00000,0x00000000ff9e3e80,0x00000000fff80000)
  to   space 21504K, 0% used [0x00000000fd580000,0x00000000fd580000,0x00000000fea80000)
 ParOldGen       total 76288K, used 49308K [0x00000000c1600000, 0x00000000c6080000, 0x00000000eb200000)
  object space 76288K, 64% used [0x00000000c1600000,0x00000000c4627288,0x00000000c6080000)
 Metaspace       used 89880K, capacity 94488K, committed 94744K, reserved 1132544K
  class space    used 10645K, capacity 11490K, committed 11560K, reserved 1048576K
}
Event: 685.082 GC heap before
{Heap before GC invocations=46 (full 9):
 PSYoungGen      total 319488K, used 96953K [0x00000000eb200000, 0x00000000fff80000, 0x0000000100000000)
  eden space 298496K, 27% used [0x00000000eb200000,0x00000000f01ca948,0x00000000fd580000)
  from space 20992K, 72% used [0x00000000feb00000,0x00000000ff9e3e80,0x00000000fff80000)
  to   space 21504K, 0% used [0x00000000fd580000,0x00000000fd580000,0x00000000fea80000)
 ParOldGen       total 76288K, used 49308K [0x00000000c1600000, 0x00000000c6080000, 0x00000000eb200000)
  object space 76288K, 64% used [0x00000000c1600000,0x00000000c4627288,0x00000000c6080000)
 Metaspace       used 90360K, capacity 94980K, committed 95256K, reserved 1132544K
  class space    used 10669K, capacity 11525K, committed 11560K, reserved 1048576K

